c:\users\kkvas\onedrive\desktop\k2_engine\k2_engine\x64\debug\vc143.pdb
c:\users\kkvas\onedrive\desktop\k2_engine\k2_engine\x64\debug\vc143.idb
c:\users\kkvas\onedrive\desktop\k2_engine\k2_engine\x64\debug\main.obj
c:\users\kkvas\onedrive\desktop\k2_engine\k2_engine\x64\debug\smodeldrawinfo.obj
c:\users\kkvas\onedrive\desktop\k2_engine\k2_engine\x64\debug\cvaomanager.obj
c:\users\kkvas\onedrive\desktop\k2_engine\k2_engine\x64\debug\clighthelper.obj
c:\users\kkvas\onedrive\desktop\k2_engine\k2_engine\x64\debug\clightmanager.obj
c:\users\kkvas\onedrive\desktop\k2_engine\k2_engine\x64\debug\cshadermanager.obj
c:\users\kkvas\onedrive\desktop\k2_engine\k2_engine\x64\debug\cshader.obj
c:\users\kkvas\onedrive\desktop\k2_engine\k2_engine\x64\debug\glad.obj
c:\users\kkvas\onedrive\desktop\k2_engine\k2_engine\x64\debug\cglobal.obj
c:\users\kkvas\onedrive\desktop\k2_engine\k2_engine\x64\debug\sphsyicsproperties.obj
c:\users\kkvas\onedrive\desktop\k2_engine\k2_engine\x64\debug\cphysics_update.obj
c:\users\kkvas\onedrive\desktop\k2_engine\k2_engine\x64\debug\cphysics_intersectiontests.obj
c:\users\kkvas\onedrive\desktop\k2_engine\k2_engine\x64\debug\cphysics_basictests.obj
c:\users\kkvas\onedrive\desktop\k2_engine\k2_engine\x64\debug\cmesh.obj
c:\users\kkvas\onedrive\desktop\k2_engine\k2_engine\x64\debug\cphysics.obj
c:\users\kkvas\onedrive\desktop\k2_engine\k2_engine\x64\debug\loadmodels.obj
c:\users\kkvas\onedrive\desktop\k2_engine\k2_engine\x64\debug\ccontrolmodels.obj
c:\users\kkvas\onedrive\desktop\k2_engine\x64\debug\k2_engine.exe
c:\users\kkvas\onedrive\desktop\k2_engine\k2_engine\x64\debug\k2_engine.ilk
c:\users\kkvas\onedrive\desktop\k2_engine\x64\debug\k2_engine.pdb
c:\users\kkvas\onedrive\desktop\k2_engine\k2_engine\x64\debug\global.obj
c:\users\kkvas\onedrive\desktop\k2_engine\k2_engine\x64\debug\k2_engine.tlog\cl.command.1.tlog
c:\users\kkvas\onedrive\desktop\k2_engine\k2_engine\x64\debug\k2_engine.tlog\cl.items.tlog
c:\users\kkvas\onedrive\desktop\k2_engine\k2_engine\x64\debug\k2_engine.tlog\cl.read.1.tlog
c:\users\kkvas\onedrive\desktop\k2_engine\k2_engine\x64\debug\k2_engine.tlog\cl.write.1.tlog
c:\users\kkvas\onedrive\desktop\k2_engine\k2_engine\x64\debug\k2_engine.tlog\link-cvtres.read.1.tlog
c:\users\kkvas\onedrive\desktop\k2_engine\k2_engine\x64\debug\k2_engine.tlog\link-cvtres.write.1.tlog
c:\users\kkvas\onedrive\desktop\k2_engine\k2_engine\x64\debug\k2_engine.tlog\link-rc.read.1.tlog
c:\users\kkvas\onedrive\desktop\k2_engine\k2_engine\x64\debug\k2_engine.tlog\link-rc.write.1.tlog
c:\users\kkvas\onedrive\desktop\k2_engine\k2_engine\x64\debug\k2_engine.tlog\link.46264-cvtres.read.1.tlog
c:\users\kkvas\onedrive\desktop\k2_engine\k2_engine\x64\debug\k2_engine.tlog\link.46264-cvtres.write.1.tlog
c:\users\kkvas\onedrive\desktop\k2_engine\k2_engine\x64\debug\k2_engine.tlog\link.46264-rc.read.1.tlog
c:\users\kkvas\onedrive\desktop\k2_engine\k2_engine\x64\debug\k2_engine.tlog\link.46264-rc.write.1.tlog
c:\users\kkvas\onedrive\desktop\k2_engine\k2_engine\x64\debug\k2_engine.tlog\link.46264.read.1.tlog
c:\users\kkvas\onedrive\desktop\k2_engine\k2_engine\x64\debug\k2_engine.tlog\link.46264.read.3.tlog
c:\users\kkvas\onedrive\desktop\k2_engine\k2_engine\x64\debug\k2_engine.tlog\link.46264.write.1.tlog
c:\users\kkvas\onedrive\desktop\k2_engine\k2_engine\x64\debug\k2_engine.tlog\link.command.1.tlog
c:\users\kkvas\onedrive\desktop\k2_engine\k2_engine\x64\debug\k2_engine.tlog\link.read.1.tlog
c:\users\kkvas\onedrive\desktop\k2_engine\k2_engine\x64\debug\k2_engine.tlog\link.read.2.tlog
c:\users\kkvas\onedrive\desktop\k2_engine\k2_engine\x64\debug\k2_engine.tlog\link.read.3.tlog
c:\users\kkvas\onedrive\desktop\k2_engine\k2_engine\x64\debug\k2_engine.tlog\link.write.1.tlog
