c:\users\kkvas\onedrive\desktop\graphicsproject_1\x64\release\k2_engine.pdb
c:\users\kkvas\onedrive\desktop\graphicsproject_1\k2_engine\x64\release\sphysicsproperties.obj
c:\users\kkvas\onedrive\desktop\graphicsproject_1\k2_engine\x64\release\cphysics_update.obj
c:\users\kkvas\onedrive\desktop\graphicsproject_1\k2_engine\x64\release\cphysics_basictests.obj
c:\users\kkvas\onedrive\desktop\graphicsproject_1\k2_engine\x64\release\loadmodels.obj
c:\users\kkvas\onedrive\desktop\graphicsproject_1\k2_engine\x64\release\main.obj
c:\users\kkvas\onedrive\desktop\graphicsproject_1\k2_engine\x64\release\cglobal.obj
c:\users\kkvas\onedrive\desktop\graphicsproject_1\k2_engine\x64\release\smodeldrawinfo.obj
c:\users\kkvas\onedrive\desktop\graphicsproject_1\k2_engine\x64\release\cvaomanager.obj
c:\users\kkvas\onedrive\desktop\graphicsproject_1\k2_engine\x64\release\clighthelper.obj
c:\users\kkvas\onedrive\desktop\graphicsproject_1\k2_engine\x64\release\cmesh.obj
c:\users\kkvas\onedrive\desktop\graphicsproject_1\k2_engine\x64\release\cphysics.obj
c:\users\kkvas\onedrive\desktop\graphicsproject_1\k2_engine\x64\release\clightmanager.obj
c:\users\kkvas\onedrive\desktop\graphicsproject_1\k2_engine\x64\release\render.obj
c:\users\kkvas\onedrive\desktop\graphicsproject_1\k2_engine\x64\release\physicsmanager.obj
c:\users\kkvas\onedrive\desktop\graphicsproject_1\k2_engine\x64\release\meshmanager.obj
c:\users\kkvas\onedrive\desktop\graphicsproject_1\k2_engine\x64\release\lightmanager.obj
c:\users\kkvas\onedrive\desktop\graphicsproject_1\k2_engine\x64\release\cworldconfiguration.obj
c:\users\kkvas\onedrive\desktop\graphicsproject_1\k2_engine\x64\release\cameramanager.obj
c:\users\kkvas\onedrive\desktop\graphicsproject_1\k2_engine\x64\release\cshadermanager.obj
c:\users\kkvas\onedrive\desktop\graphicsproject_1\k2_engine\x64\release\cshader.obj
c:\users\kkvas\onedrive\desktop\graphicsproject_1\k2_engine\x64\release\glad.obj
c:\users\kkvas\onedrive\desktop\graphicsproject_1\x64\release\k2_engine.lib
c:\users\kkvas\onedrive\desktop\graphicsproject_1\k2_engine\x64\release\k2_engine.tlog\cl.command.1.tlog
c:\users\kkvas\onedrive\desktop\graphicsproject_1\k2_engine\x64\release\k2_engine.tlog\cl.items.tlog
c:\users\kkvas\onedrive\desktop\graphicsproject_1\k2_engine\x64\release\k2_engine.tlog\cl.read.1.tlog
c:\users\kkvas\onedrive\desktop\graphicsproject_1\k2_engine\x64\release\k2_engine.tlog\cl.write.1.tlog
c:\users\kkvas\onedrive\desktop\graphicsproject_1\k2_engine\x64\release\k2_engine.tlog\lib-link.read.1.tlog
c:\users\kkvas\onedrive\desktop\graphicsproject_1\k2_engine\x64\release\k2_engine.tlog\lib-link.write.1.tlog
c:\users\kkvas\onedrive\desktop\graphicsproject_1\k2_engine\x64\release\k2_engine.tlog\lib.command.1.tlog
